#
# There is insufficient memory for the Java Runtime Environment to continue.
# Native memory allocation (malloc) failed to allocate 352656 bytes for Chunk::new
# Possible reasons:
#   The system is out of physical RAM or swap space
#   In 32 bit mode, the process size limit was hit
# Possible solutions:
#   Reduce memory load on the system
#   Increase physical memory or swap space
#   Check if swap backing store is full
#   Use 64 bit Java on a 64 bit OS
#   Decrease Java heap size (-Xmx/-Xms)
#   Decrease number of Java threads
#   Decrease Java thread stack sizes (-Xss)
#   Set larger code cache with -XX:ReservedCodeCacheSize=
# This output file may be truncated or incomplete.
#
#  Out of Memory Error (allocation.cpp:390), pid=23528, tid=0x000000000000646c
#
# JRE version: OpenJDK Runtime Environment (8.0_76-b03) (build 1.8.0_76-release-b03)
# Java VM: OpenJDK 64-Bit Server VM (25.76-b03 mixed mode windows-amd64 compressed oops)
# Failed to write core dump. Minidumps are not enabled by default on client versions of Windows
#

---------------  T H R E A D  ---------------

Current thread (0x000000000704e000):  JavaThread "C2 CompilerThread0" daemon [_thread_in_native, id=25708, stack(0x0000000058740000,0x0000000058840000)]

Stack: [0x0000000058740000,0x0000000058840000]
[error occurred during error reporting (printing stack bounds), id 0xc0000005]

Native frames: (J=compiled Java code, j=interpreted, Vv=VM code, C=native code)


Current CompileTask:
C2: 560038 12251   !   4       org.gradle.cache.internal.DefaultCacheAccess::useCache (215 bytes)


---------------  P R O C E S S  ---------------

Java Threads: ( => current thread )
  0x000000005ab94800 JavaThread "Stdin handler" [_thread_blocked, id=27608, stack(0x000000005adf0000,0x000000005aef0000)]
  0x000000005ab93000 JavaThread "Asynchronous log dispatcher for org.gradle.launcher.daemon.server.DefaultDaemonConnection@47b2ff61" [_thread_blocked, id=19032, stack(0x0000000066370000,0x0000000066470000)]
  0x000000005ab91800 JavaThread "Cancel handler" [_thread_blocked, id=18216, stack(0x00000000602f0000,0x00000000603f0000)]
  0x000000005ab90800 JavaThread "Handler for socket connection from /127.0.0.1:53627 to /127.0.0.1:54361" [_thread_in_native, id=23136, stack(0x0000000062140000,0x0000000062240000)]
  0x000000005ab95000 JavaThread "Daemon worker Thread 2" [_thread_in_native, id=26940, stack(0x0000000058fb0000,0x00000000590b0000)]
  0x000000005ab92000 JavaThread "Daemon Thread 2" [_thread_blocked, id=27052, stack(0x000000005ba50000,0x000000005bb50000)]
  0x000000005f1c9000 JavaThread "stdout" daemon [_thread_in_native, id=25552, stack(0x0000000068f20000,0x0000000069020000)]
  0x000000005f1c8000 JavaThread "stderr" daemon [_thread_in_native, id=21708, stack(0x0000000068d60000,0x0000000068e60000)]
  0x000000005f1c7800 JavaThread "stdout" daemon [_thread_in_native, id=26056, stack(0x0000000068290000,0x0000000068390000)]
  0x000000005f1c6800 JavaThread "stderr" daemon [_thread_in_native, id=23168, stack(0x0000000068c60000,0x0000000068d60000)]
  0x000000005f1c6000 JavaThread "stdout" daemon [_thread_in_native, id=16288, stack(0x0000000068b30000,0x0000000068c30000)]
  0x000000005f1c5000 JavaThread "stderr" daemon [_thread_in_native, id=21276, stack(0x0000000068970000,0x0000000068a70000)]
  0x000000005d1af000 JavaThread "stdout" daemon [_thread_in_native, id=11112, stack(0x00000000687a0000,0x00000000688a0000)]
  0x000000005d1ae000 JavaThread "stderr" daemon [_thread_in_native, id=25836, stack(0x0000000068510000,0x0000000068610000)]
  0x000000005d1ad800 JavaThread "stdout" daemon [_thread_in_native, id=17664, stack(0x0000000068060000,0x0000000068160000)]
  0x000000005d1ac800 JavaThread "stderr" daemon [_thread_in_native, id=19396, stack(0x0000000068390000,0x0000000068490000)]
  0x000000005d1ac000 JavaThread "stdout" daemon [_thread_in_native, id=17144, stack(0x00000000672b0000,0x00000000673b0000)]
  0x000000005a783000 JavaThread "stderr" daemon [_thread_in_native, id=25712, stack(0x00000000660f0000,0x00000000661f0000)]
  0x000000005d1ab000 JavaThread "stdout" daemon [_thread_in_native, id=768, stack(0x00000000674e0000,0x00000000675e0000)]
  0x000000005d1aa800 JavaThread "stderr" daemon [_thread_in_native, id=23864, stack(0x0000000068180000,0x0000000068280000)]
  0x000000005d1a9800 JavaThread "stdout" daemon [_thread_in_native, id=19232, stack(0x0000000067f10000,0x0000000068010000)]
  0x000000005d1a8800 JavaThread "stderr" daemon [_thread_in_native, id=19980, stack(0x0000000067de0000,0x0000000067ee0000)]
  0x000000005d1a8000 JavaThread "stdout" daemon [_thread_in_native, id=16764, stack(0x0000000067bf0000,0x0000000067cf0000)]
  0x000000005a849000 JavaThread "stderr" daemon [_thread_in_native, id=21620, stack(0x0000000067a60000,0x0000000067b60000)]
  0x000000005a848000 JavaThread "stdout" daemon [_thread_in_native, id=24724, stack(0x00000000678e0000,0x00000000679e0000)]
  0x000000005a847800 JavaThread "stderr" daemon [_thread_in_native, id=23588, stack(0x0000000067720000,0x0000000067820000)]
  0x000000005a846800 JavaThread "stdout" daemon [_thread_in_native, id=22456, stack(0x00000000675e0000,0x00000000676e0000)]
  0x000000005a846000 JavaThread "stderr" daemon [_thread_in_native, id=24032, stack(0x00000000673b0000,0x00000000674b0000)]
  0x000000005a845000 JavaThread "stdout" daemon [_thread_in_native, id=25640, stack(0x00000000671a0000,0x00000000672a0000)]
  0x000000005a844800 JavaThread "stderr" daemon [_thread_in_native, id=24884, stack(0x0000000066ed0000,0x0000000066fd0000)]
  0x000000005a843800 JavaThread "stdout" daemon [_thread_in_native, id=24388, stack(0x0000000067000000,0x0000000067100000)]
  0x000000005a843000 JavaThread "stderr" daemon [_thread_in_native, id=1116, stack(0x0000000066920000,0x0000000066a20000)]
  0x000000005a842000 JavaThread "stdout" daemon [_thread_in_native, id=25444, stack(0x0000000066d70000,0x0000000066e70000)]
  0x000000005a787800 JavaThread "stderr" daemon [_thread_in_native, id=26080, stack(0x0000000064540000,0x0000000064640000)]
  0x000000005a786800 JavaThread "stdout" daemon [_thread_in_native, id=22680, stack(0x0000000066b70000,0x0000000066c70000)]
  0x000000005a786000 JavaThread "stderr" daemon [_thread_in_native, id=26452, stack(0x0000000066a20000,0x0000000066b20000)]
  0x000000005ab8e800 JavaThread "stdout" daemon [_thread_in_native, id=18612, stack(0x0000000066770000,0x0000000066870000)]
  0x000000005a785000 JavaThread "stderr" daemon [_thread_in_native, id=18992, stack(0x00000000664d0000,0x00000000665d0000)]
  0x000000005a784800 JavaThread "stdout" daemon [_thread_in_native, id=26480, stack(0x0000000064f10000,0x0000000065010000)]
  0x000000005a783800 JavaThread "stderr" daemon [_thread_in_native, id=21928, stack(0x0000000066210000,0x0000000066310000)]
  0x000000005a782000 JavaThread "stdout" daemon [_thread_in_native, id=23436, stack(0x0000000065f90000,0x0000000066090000)]
  0x000000005a781800 JavaThread "stderr" daemon [_thread_in_native, id=16252, stack(0x0000000065e80000,0x0000000065f80000)]
  0x000000005a780800 JavaThread "stdout" daemon [_thread_in_native, id=19408, stack(0x0000000064cd0000,0x0000000064dd0000)]
  0x000000005d991800 JavaThread "stderr" daemon [_thread_in_native, id=25948, stack(0x0000000065d70000,0x0000000065e70000)]
  0x000000005d990800 JavaThread "png-cruncher_20" daemon [_thread_blocked, id=25892, stack(0x0000000065b80000,0x0000000065c80000)]
  0x000000005d990000 JavaThread "png-cruncher_19" daemon [_thread_blocked, id=23372, stack(0x00000000659d0000,0x0000000065ad0000)]
  0x000000005d98f000 JavaThread "png-cruncher_18" daemon [_thread_blocked, id=26276, stack(0x0000000065820000,0x0000000065920000)]
  0x000000005d98e800 JavaThread "png-cruncher_17" daemon [_thread_blocked, id=25112, stack(0x00000000656f0000,0x00000000657f0000)]
  0x000000005d98d800 JavaThread "png-cruncher_16" daemon [_thread_blocked, id=16672, stack(0x0000000065540000,0x0000000065640000)]
  0x000000005d98d000 JavaThread "stdout" daemon [_thread_in_native, id=25464, stack(0x0000000065350000,0x0000000065450000)]
  0x000000005d98c000 JavaThread "stderr" daemon [_thread_in_native, id=22364, stack(0x00000000651d0000,0x00000000652d0000)]
  0x000000005d98b800 JavaThread "png-cruncher_15" daemon [_thread_blocked, id=25988, stack(0x0000000065010000,0x0000000065110000)]
  0x000000005d98a800 JavaThread "png-cruncher_14" daemon [_thread_blocked, id=18608, stack(0x0000000064df0000,0x0000000064ef0000)]
  0x000000005f160000 JavaThread "png-cruncher_13" daemon [_thread_blocked, id=23020, stack(0x0000000064bb0000,0x0000000064cb0000)]
  0x000000005f15f800 JavaThread "png-cruncher_12" daemon [_thread_blocked, id=21900, stack(0x00000000648f0000,0x00000000649f0000)]
  0x000000005f15e800 JavaThread "png-cruncher_11" daemon [_thread_blocked, id=24644, stack(0x00000000649f0000,0x0000000064af0000)]
  0x000000005f15e000 JavaThread "png-cruncher_10" daemon [_thread_blocked, id=23204, stack(0x000000005b680000,0x000000005b780000)]
  0x000000005f15d000 JavaThread "png-cruncher_9" daemon [_thread_blocked, id=25336, stack(0x0000000064770000,0x0000000064870000)]
  0x000000005f15c800 JavaThread "png-cruncher_8" daemon [_thread_blocked, id=14116, stack(0x0000000064640000,0x0000000064740000)]
  0x000000005f15b800 JavaThread "png-cruncher_7" daemon [_thread_blocked, id=26424, stack(0x0000000064440000,0x0000000064540000)]
  0x000000005f15b000 JavaThread "png-cruncher_6" daemon [_thread_blocked, id=23188, stack(0x0000000063ee0000,0x0000000063fe0000)]
  0x000000005f15a000 JavaThread "png-cruncher_5" daemon [_thread_blocked, id=22664, stack(0x0000000064300000,0x0000000064400000)]
  0x000000005f159800 JavaThread "png-cruncher_4" daemon [_thread_blocked, id=6448, stack(0x0000000064140000,0x0000000064240000)]
  0x000000005ab99800 JavaThread "png-cruncher_3" daemon [_thread_blocked, id=25636, stack(0x0000000063ff0000,0x00000000640f0000)]
  0x000000005ab99000 JavaThread "png-cruncher_2" daemon [_thread_blocked, id=24512, stack(0x0000000062590000,0x0000000062690000)]
  0x000000005ab98000 JavaThread "png-cruncher_1" daemon [_thread_blocked, id=22840, stack(0x0000000063dc0000,0x0000000063ec0000)]
  0x000000005ab8d800 JavaThread "pool-2-thread-1" [_thread_blocked, id=26364, stack(0x00000000603f0000,0x00000000604f0000)]
  0x000000005ad9e800 JavaThread "File lock request listener" [_thread_in_native, id=25272, stack(0x000000005b530000,0x000000005b630000)]
  0x000000005a403000 JavaThread "pool-1-thread-1" [_thread_blocked, id=23600, stack(0x000000005b310000,0x000000005b410000)]
  0x000000005a03f800 JavaThread "Incoming local TCP Connector on port 53627" [_thread_in_native, id=26232, stack(0x000000005af20000,0x000000005b020000)]
  0x0000000058a31800 JavaThread "Service Thread" daemon [_thread_blocked, id=24948, stack(0x00000000590e0000,0x00000000591e0000)]
  0x00000000589fd800 JavaThread "C1 CompilerThread2" daemon [_thread_blocked, id=22848, stack(0x0000000058e80000,0x0000000058f80000)]
  0x0000000007054000 JavaThread "C2 CompilerThread1" daemon [_thread_blocked, id=21124, stack(0x00000000588c0000,0x00000000589c0000)]
=>0x000000000704e000 JavaThread "C2 CompilerThread0" daemon [_thread_in_native, id=25708, stack(0x0000000058740000,0x0000000058840000)]
  0x000000000704a800 JavaThread "Attach Listener" daemon [_thread_blocked, id=25748, stack(0x0000000058570000,0x0000000058670000)]
  0x000000000705e800 JavaThread "Signal Dispatcher" daemon [_thread_blocked, id=14400, stack(0x0000000058350000,0x0000000058450000)]
  0x0000000007037000 JavaThread "Finalizer" daemon [_thread_blocked, id=25776, stack(0x00000000581a0000,0x00000000582a0000)]
  0x0000000006ff0000 JavaThread "Reference Handler" daemon [_thread_blocked, id=26124, stack(0x0000000058060000,0x0000000058160000)]
  0x00000000025ee000 JavaThread "main" [_thread_blocked, id=22188, stack(0x0000000002840000,0x0000000002940000)]

Other Threads:
  0x0000000006fe8000 VMThread [stack: 0x0000000057ef0000,0x0000000057ff0000] [id=21876]
  0x0000000058a32000 WatcherThread [stack: 0x0000000059300000,0x0000000059400000] [id=15452]

VM state:not at safepoint (normal execution)

VM Mutex/Monitor currently owned by a thread: None

Heap:
 PSYoungGen      total 267776K, used 37914K [0x00000000e0000000, 0x00000000f4e00000, 0x0000000100000000)
  eden space 244736K, 11% used [0x00000000e0000000,0x00000000e1bce960,0x00000000eef00000)
  from space 23040K, 40% used [0x00000000f0500000,0x00000000f0e38000,0x00000000f1b80000)
  to   space 22528K, 0% used [0x00000000eef00000,0x00000000eef00000,0x00000000f0500000)
 ParOldGen       total 130560K, used 52198K [0x00000000a0000000, 0x00000000a7f80000, 0x00000000e0000000)
  object space 130560K, 39% used [0x00000000a0000000,0x00000000a32f9808,0x00000000a7f80000)
 Metaspace       used 66464K, capacity 68978K, committed 69160K, reserved 1110016K
  class space    used 8684K, capacity 9222K, committed 9264K, reserved 1048576K

Card table byte_map: [0x0000000002fd0000,0x00000000032e0000] byte_map_base: 0x0000000002ad0000

Marking Bits: (ParMarkBitMap*) 0x0000000007ab9d00
 Begin Bits: [0x0000000003b60000, 0x0000000005360000)
 End Bits:   [0x0000000005360000, 0x0000000006b60000)

Polling page: 0x0000000001cd0000

CodeCache: size=245760Kb used=35853Kb max_used=36973Kb free=209906Kb
 bounds [0x0000000007b40000, 0x0000000009f90000, 0x0000000016b40000]
 total_blobs=11059 nmethods=10302 adapters=669
 compilation: enabled

Compilation events (10 events):
Event: 558.415 Thread 0x0000000007054000 nmethod 12246 0x0000000007c55690 code [0x0000000007c557e0, 0x0000000007c559b8]
Event: 558.612 Thread 0x000000000704e000 12247       4       java.util.LinkedHashMap::afterNodeRemoval (65 bytes)
Event: 558.614 Thread 0x000000000704e000 nmethod 12247 0x0000000008ae2690 code [0x0000000008ae27e0, 0x0000000008ae28b8]
Event: 559.439 Thread 0x0000000007054000 12248       4       java.math.BigInteger::firstNonzeroIntNum (59 bytes)
Event: 559.441 Thread 0x0000000007054000 nmethod 12248 0x00000000090ec9d0 code [0x00000000090ecb20, 0x00000000090ecbf8]
Event: 559.578 Thread 0x000000000704e000 12249   !   4       org.gradle.cache.internal.DefaultCacheAccess::takeOwnership (84 bytes)
Event: 559.593 Thread 0x000000000704e000 nmethod 12249 0x0000000008ae2d10 code [0x0000000008ae2ee0, 0x0000000008ae3720]
Event: 559.695 Thread 0x0000000007054000 12250   !   4       org.gradle.cache.internal.DefaultCacheAccess::releaseOwnership (65 bytes)
Event: 559.710 Thread 0x000000000704e000 12251   !   4       org.gradle.cache.internal.DefaultCacheAccess::useCache (215 bytes)
Event: 559.735 Thread 0x0000000007054000 nmethod 12250 0x0000000007f83690 code [0x0000000007f83900, 0x0000000007f84730]

GC Heap History (10 events):
Event: 27.745 GC heap before
{Heap before GC invocations=14 (full 3):
 PSYoungGen      total 219136K, used 194560K [0x00000000e0000000, 0x00000000eef80000, 0x0000000100000000)
  eden space 194560K, 100% used [0x00000000e0000000,0x00000000ebe00000,0x00000000ebe00000)
  from space 24576K, 0% used [0x00000000ed680000,0x00000000ed680000,0x00000000eee80000)
  to   space 25088K, 0% used [0x00000000ebe00000,0x00000000ebe00000,0x00000000ed680000)
 ParOldGen       total 130560K, used 44206K [0x00000000a0000000, 0x00000000a7f80000, 0x00000000e0000000)
  object space 130560K, 33% used [0x00000000a0000000,0x00000000a2b2b918,0x00000000a7f80000)
 Metaspace       used 58208K, capacity 60310K, committed 60456K, reserved 1101824K
  class space    used 7775K, capacity 8236K, committed 8240K, reserved 1048576K
Event: 27.769 GC heap after
Heap after GC invocations=14 (full 3):
 PSYoungGen      total 219648K, used 13858K [0x00000000e0000000, 0x00000000f2680000, 0x0000000100000000)
  eden space 194560K, 0% used [0x00000000e0000000,0x00000000e0000000,0x00000000ebe00000)
  from space 25088K, 55% used [0x00000000ebe00000,0x00000000ecb88880,0x00000000ed680000)
  to   space 24576K, 0% used [0x00000000f0e80000,0x00000000f0e80000,0x00000000f2680000)
 ParOldGen       total 130560K, used 44214K [0x00000000a0000000, 0x00000000a7f80000, 0x00000000e0000000)
  object space 130560K, 33% used [0x00000000a0000000,0x00000000a2b2d918,0x00000000a7f80000)
 Metaspace       used 58208K, capacity 60310K, committed 60456K, reserved 1101824K
  class space    used 7775K, capacity 8236K, committed 8240K, reserved 1048576K
}
Event: 523.303 GC heap before
{Heap before GC invocations=15 (full 3):
 PSYoungGen      total 219648K, used 208418K [0x00000000e0000000, 0x00000000f2680000, 0x0000000100000000)
  eden space 194560K, 100% used [0x00000000e0000000,0x00000000ebe00000,0x00000000ebe00000)
  from space 25088K, 55% used [0x00000000ebe00000,0x00000000ecb88880,0x00000000ed680000)
  to   space 24576K, 0% used [0x00000000f0e80000,0x00000000f0e80000,0x00000000f2680000)
 ParOldGen       total 130560K, used 44214K [0x00000000a0000000, 0x00000000a7f80000, 0x00000000e0000000)
  object space 130560K, 33% used [0x00000000a0000000,0x00000000a2b2d918,0x00000000a7f80000)
 Metaspace       used 59803K, capacity 62060K, committed 62248K, reserved 1103872K
  class space    used 7968K, capacity 8423K, committed 8496K, reserved 1048576K
Event: 523.315 GC heap after
Heap after GC invocations=15 (full 3):
 PSYoungGen      total 259584K, used 8305K [0x00000000e0000000, 0x00000000f1d80000, 0x0000000100000000)
  eden space 244224K, 0% used [0x00000000e0000000,0x00000000e0000000,0x00000000eee80000)
  from space 15360K, 54% used [0x00000000f0e80000,0x00000000f169c5e8,0x00000000f1d80000)
  to   space 24064K, 0% used [0x00000000eee80000,0x00000000eee80000,0x00000000f0600000)
 ParOldGen       total 130560K, used 44222K [0x00000000a0000000, 0x00000000a7f80000, 0x00000000e0000000)
  object space 130560K, 33% used [0x00000000a0000000,0x00000000a2b2f918,0x00000000a7f80000)
 Metaspace       used 59803K, capacity 62060K, committed 62248K, reserved 1103872K
  class space    used 7968K, capacity 8423K, committed 8496K, reserved 1048576K
}
Event: 526.059 GC heap before
{Heap before GC invocations=16 (full 3):
 PSYoungGen      total 259584K, used 127885K [0x00000000e0000000, 0x00000000f1d80000, 0x0000000100000000)
  eden space 244224K, 48% used [0x00000000e0000000,0x00000000e74c7080,0x00000000eee80000)
  from space 15360K, 54% used [0x00000000f0e80000,0x00000000f169c5e8,0x00000000f1d80000)
  to   space 24064K, 0% used [0x00000000eee80000,0x00000000eee80000,0x00000000f0600000)
 ParOldGen       total 130560K, used 44222K [0x00000000a0000000, 0x00000000a7f80000, 0x00000000e0000000)
  object space 130560K, 33% used [0x00000000a0000000,0x00000000a2b2f918,0x00000000a7f80000)
 Metaspace       used 65324K, capacity 67732K, committed 68008K, reserved 1107968K
  class space    used 8605K, capacity 9133K, committed 9136K, reserved 1048576K
Event: 526.079 GC heap after
Heap after GC invocations=16 (full 3):
 PSYoungGen      total 256512K, used 12010K [0x00000000e0000000, 0x00000000f1b80000, 0x0000000100000000)
  eden space 244224K, 0% used [0x00000000e0000000,0x00000000e0000000,0x00000000eee80000)
  from space 12288K, 97% used [0x00000000eee80000,0x00000000efa3abc0,0x00000000efa80000)
  to   space 23040K, 0% used [0x00000000f0500000,0x00000000f0500000,0x00000000f1b80000)
 ParOldGen       total 130560K, used 44238K [0x00000000a0000000, 0x00000000a7f80000, 0x00000000e0000000)
  object space 130560K, 33% used [0x00000000a0000000,0x00000000a2b33918,0x00000000a7f80000)
 Metaspace       used 65324K, capacity 67732K, committed 68008K, reserved 1107968K
  class space    used 8605K, capacity 9133K, committed 9136K, reserved 1048576K
}
Event: 526.079 GC heap before
{Heap before GC invocations=17 (full 4):
 PSYoungGen      total 256512K, used 12010K [0x00000000e0000000, 0x00000000f1b80000, 0x0000000100000000)
  eden space 244224K, 0% used [0x00000000e0000000,0x00000000e0000000,0x00000000eee80000)
  from space 12288K, 97% used [0x00000000eee80000,0x00000000efa3abc0,0x00000000efa80000)
  to   space 23040K, 0% used [0x00000000f0500000,0x00000000f0500000,0x00000000f1b80000)
 ParOldGen       total 130560K, used 44238K [0x00000000a0000000, 0x00000000a7f80000, 0x00000000e0000000)
  object space 130560K, 33% used [0x00000000a0000000,0x00000000a2b33918,0x00000000a7f80000)
 Metaspace       used 65324K, capacity 67732K, committed 68008K, reserved 1107968K
  class space    used 8605K, capacity 9133K, committed 9136K, reserved 1048576K
Event: 526.430 GC heap after
Heap after GC invocations=17 (full 4):
 PSYoungGen      total 256512K, used 0K [0x00000000e0000000, 0x00000000f1b80000, 0x0000000100000000)
  eden space 244224K, 0% used [0x00000000e0000000,0x00000000e0000000,0x00000000eee80000)
  from space 12288K, 0% used [0x00000000eee80000,0x00000000eee80000,0x00000000efa80000)
  to   space 23040K, 0% used [0x00000000f0500000,0x00000000f0500000,0x00000000f1b80000)
 ParOldGen       total 130560K, used 52190K [0x00000000a0000000, 0x00000000a7f80000, 0x00000000e0000000)
  object space 130560K, 39% used [0x00000000a0000000,0x00000000a32f7808,0x00000000a7f80000)
 Metaspace       used 65322K, capacity 67726K, committed 68008K, reserved 1107968K
  class space    used 8605K, capacity 9132K, committed 9136K, reserved 1048576K
}
Event: 557.102 GC heap before
{Heap before GC invocations=18 (full 4):
 PSYoungGen      total 256512K, used 244224K [0x00000000e0000000, 0x00000000f1b80000, 0x0000000100000000)
  eden space 244224K, 100% used [0x00000000e0000000,0x00000000eee80000,0x00000000eee80000)
  from space 12288K, 0% used [0x00000000eee80000,0x00000000eee80000,0x00000000efa80000)
  to   space 23040K, 0% used [0x00000000f0500000,0x00000000f0500000,0x00000000f1b80000)
 ParOldGen       total 130560K, used 52190K [0x00000000a0000000, 0x00000000a7f80000, 0x00000000e0000000)
  object space 130560K, 39% used [0x00000000a0000000,0x00000000a32f7808,0x00000000a7f80000)
 Metaspace       used 66464K, capacity 68978K, committed 69160K, reserved 1110016K
  class space    used 8684K, capacity 9222K, committed 9264K, reserved 1048576K
Event: 557.121 GC heap after
Heap after GC invocations=18 (full 4):
 PSYoungGen      total 267776K, used 9440K [0x00000000e0000000, 0x00000000f4e00000, 0x0000000100000000)
  eden space 244736K, 0% used [0x00000000e0000000,0x00000000e0000000,0x00000000eef00000)
  from space 23040K, 40% used [0x00000000f0500000,0x00000000f0e38000,0x00000000f1b80000)
  to   space 22528K, 0% used [0x00000000eef00000,0x00000000eef00000,0x00000000f0500000)
 ParOldGen       total 130560K, used 52198K [0x00000000a0000000, 0x00000000a7f80000, 0x00000000e0000000)
  object space 130560K, 39% used [0x00000000a0000000,0x00000000a32f9808,0x00000000a7f80000)
 Metaspace       used 66464K, capacity 68978K, committed 69160K, reserved 1110016K
  class space    used 8684K, capacity 9222K, committed 9264K, reserved 1048576K
}

Deoptimization events (10 events):
Event: 549.041 Thread 0x000000005ab95000 Uncommon trap: reason=class_check action=maybe_recompile pc=0x00000000083362d0 method=java.util.zip.InflaterInputStream.read([BII)I @ 100
Event: 549.046 Thread 0x000000005ab95000 Uncommon trap: reason=class_check action=maybe_recompile pc=0x000000000970d88c method=java.nio.file.attribute.FileTime.toMillis()J @ 15
Event: 549.047 Thread 0x000000005ab95000 Uncommon trap: reason=class_check action=maybe_recompile pc=0x00000000083362d0 method=java.util.zip.InflaterInputStream.read([BII)I @ 100
Event: 549.051 Thread 0x000000005ab95000 Uncommon trap: reason=class_check action=maybe_recompile pc=0x000000000970d88c method=java.nio.file.attribute.FileTime.toMillis()J @ 15
Event: 551.157 Thread 0x000000005ab95000 Uncommon trap: reason=unstable_if action=reinterpret pc=0x0000000009519890 method=java.io.BufferedOutputStream.write([BII)V @ 35
Event: 551.162 Thread 0x000000005ab95000 Uncommon trap: reason=unstable_if action=reinterpret pc=0x0000000008d96158 method=java.io.BufferedOutputStream.write([BII)V @ 35
Event: 552.184 Thread 0x000000005ab95000 Uncommon trap: reason=bimorphic action=maybe_recompile pc=0x00000000080be4f0 method=java.io.DataOutputStream.writeShort(I)V @ 12
Event: 554.823 Thread 0x000000005ab95000 Uncommon trap: reason=unloaded action=reinterpret pc=0x0000000009f580a4 method=org.objectweb.asm.ClassReader.readConst(I[C)Ljava/lang/Object; @ 140
Event: 556.633 Thread 0x000000005ab95000 Uncommon trap: reason=unstable_if action=reinterpret pc=0x0000000009eaf064 method=org.objectweb.asm.ClassReader.a(II[C)Ljava/lang/String; @ 77
Event: 556.633 Thread 0x000000005ab95000 Uncommon trap: reason=unstable_if action=reinterpret pc=0x0000000008783248 method=org.objectweb.asm.ClassReader.a(II[C)Ljava/lang/String; @ 77

Internal exceptions (10 events):
Event: 546.545 Thread 0x000000005ab95000 Exception <a 'sun/nio/fs/WindowsException'> (0x00000000e515d7a0) thrown at [C:\src\android\AOSP-openjdk\external\jetbrains\jdk\hotspot\src\share\vm\prims\jni.cpp, line 709]
Event: 546.545 Thread 0x000000005ab95000 Exception <a 'sun/nio/fs/WindowsException'> (0x00000000e5160170) thrown at [C:\src\android\AOSP-openjdk\external\jetbrains\jdk\hotspot\src\share\vm\prims\jni.cpp, line 709]
Event: 546.545 Thread 0x000000005ab95000 Exception <a 'sun/nio/fs/WindowsException'> (0x00000000e5160d50) thrown at [C:\src\android\AOSP-openjdk\external\jetbrains\jdk\hotspot\src\share\vm\prims\jni.cpp, line 709]
Event: 546.546 Thread 0x000000005ab95000 Exception <a 'sun/nio/fs/WindowsException'> (0x00000000e5162968) thrown at [C:\src\android\AOSP-openjdk\external\jetbrains\jdk\hotspot\src\share\vm\prims\jni.cpp, line 709]
Event: 546.546 Thread 0x000000005ab95000 Exception <a 'sun/nio/fs/WindowsException'> (0x00000000e5163588) thrown at [C:\src\android\AOSP-openjdk\external\jetbrains\jdk\hotspot\src\share\vm\prims\jni.cpp, line 709]
Event: 546.546 Thread 0x000000005ab95000 Exception <a 'sun/nio/fs/WindowsException'> (0x00000000e5166128) thrown at [C:\src\android\AOSP-openjdk\external\jetbrains\jdk\hotspot\src\share\vm\prims\jni.cpp, line 709]
Event: 546.546 Thread 0x000000005ab95000 Exception <a 'sun/nio/fs/WindowsException'> (0x00000000e5166d80) thrown at [C:\src\android\AOSP-openjdk\external\jetbrains\jdk\hotspot\src\share\vm\prims\jni.cpp, line 709]
Event: 546.547 Thread 0x000000005ab95000 Exception <a 'sun/nio/fs/WindowsException'> (0x00000000e5168a10) thrown at [C:\src\android\AOSP-openjdk\external\jetbrains\jdk\hotspot\src\share\vm\prims\jni.cpp, line 709]
Event: 546.547 Thread 0x000000005ab95000 Exception <a 'sun/nio/fs/WindowsException'> (0x00000000e51696a8) thrown at [C:\src\android\AOSP-openjdk\external\jetbrains\jdk\hotspot\src\share\vm\prims\jni.cpp, line 709]
Event: 547.922 Thread 0x000000005ab95000 Implicit null exception at 0x00000000099f3148 to 0x00000000099f317e

Events (10 events):
Event: 559.743 Thread 0x0000000007054000 flushing nmethod 0x0000000009916050
Event: 559.743 Thread 0x0000000007054000 flushing nmethod 0x0000000009918a50
Event: 559.743 Thread 0x0000000007054000 flushing nmethod 0x0000000009929e90
Event: 559.743 Thread 0x0000000007054000 flushing nmethod 0x000000000992b250
Event: 559.743 Thread 0x0000000007054000 flushing nmethod 0x000000000992cc50
Event: 559.743 Thread 0x0000000007054000 flushing nmethod 0x000000000992e1d0
Event: 559.743 Thread 0x0000000007054000 flushing nmethod 0x0000000009961910
Event: 559.743 Thread 0x0000000007054000 flushing nmethod 0x000000000997a190
Event: 559.744 Thread 0x0000000007054000 flushing nmethod 0x0000000009981fd0
Event: 559.744 Thread 0x0000000007054000 flushing nmethod 0x0000000009983290


Dynamic libraries:
0x000000013f650000 - 0x000000013f681000 	C:\Program Files\Android\Android Studio\jre\bin\java.exe
0x00000000774d0000 - 0x000000007767a000 	C:\windows\SYSTEM32\ntdll.dll
0x00000000773b0000 - 0x00000000774cf000 	C:\windows\system32\kernel32.dll
0x000007fefd230000 - 0x000007fefd29a000 	C:\windows\system32\KERNELBASE.dll
0x000007fefdca0000 - 0x000007fefdd7b000 	C:\windows\system32\ADVAPI32.dll
0x000007fefdd80000 - 0x000007fefde1f000 	C:\windows\system32\msvcrt.dll
0x000007fefd7d0000 - 0x000007fefd7ef000 	C:\windows\SYSTEM32\sechost.dll
0x000007feff6a0000 - 0x000007feff7cd000 	C:\windows\system32\RPCRT4.dll
0x00000000772b0000 - 0x00000000773aa000 	C:\windows\system32\USER32.dll
0x000007fefd910000 - 0x000007fefd977000 	C:\windows\system32\GDI32.dll
0x000007fefde20000 - 0x000007fefde2e000 	C:\windows\system32\LPK.dll
0x000007feff190000 - 0x000007feff25a000 	C:\windows\system32\USP10.dll
0x000007fefbab0000 - 0x000007fefbca4000 	C:\windows\WinSxS\amd64_microsoft.windows.common-controls_6595b64144ccf1df_6.0.7601.18837_none_fa3b1e3d17594757\COMCTL32.dll
0x000007fefd7f0000 - 0x000007fefd861000 	C:\windows\system32\SHLWAPI.dll
0x000007fefd7a0000 - 0x000007fefd7ce000 	C:\windows\system32\IMM32.DLL
0x000007feff470000 - 0x000007feff579000 	C:\windows\system32\MSCTF.dll
0x000007fefd130000 - 0x000007fefd170000 	C:\Windows\system32\nvinitx.dll
0x000007fefd220000 - 0x000007fefd225000 	C:\windows\system32\api-ms-win-downlevel-advapi32-l1-1-0.dll
0x000007fefcfd0000 - 0x000007fefcff5000 	C:\windows\system32\SspiCli.dll
0x000007fefc320000 - 0x000007fefc391000 	C:\windows\system32\dlphook.x64.dll
0x000007fefc310000 - 0x000007fefc31c000 	C:\windows\system32\VERSION.dll
0x00000000776a0000 - 0x00000000776a7000 	C:\windows\system32\PSAPI.DLL
0x000007fefde30000 - 0x000007fefebba000 	C:\windows\system32\SHELL32.dll
0x000007feff260000 - 0x000007feff463000 	C:\windows\system32\ole32.dll
0x000007fefd750000 - 0x000007fefd79d000 	C:\windows\system32\WS2_32.dll
0x000007feff7d0000 - 0x000007feff7d8000 	C:\windows\system32\NSI.dll
0x00000000795d0000 - 0x00000000796a2000 	C:\Program Files\Android\Android Studio\jre\jre\bin\msvcr100.dll
0x0000000007300000 - 0x0000000007b34000 	C:\Program Files\Android\Android Studio\jre\jre\bin\server\jvm.dll
0x000007fef4a00000 - 0x000007fef4a09000 	C:\windows\system32\WSOCK32.dll
0x000007fefaeb0000 - 0x000007fefaeeb000 	C:\windows\system32\WINMM.dll
0x000007fefa5a0000 - 0x000007fefa5af000 	C:\Program Files\Android\Android Studio\jre\jre\bin\verify.dll
0x000007feeaae0000 - 0x000007feeab09000 	C:\Program Files\Android\Android Studio\jre\jre\bin\java.dll
0x000007feeaab0000 - 0x000007feeaac6000 	C:\Program Files\Android\Android Studio\jre\jre\bin\zip.dll
0x000007fefd210000 - 0x000007fefd21f000 	C:\windows\system32\profapi.dll
0x000007feeaa90000 - 0x000007feeaaaa000 	C:\Program Files\Android\Android Studio\jre\jre\bin\net.dll
0x000007fefc930000 - 0x000007fefc985000 	C:\windows\system32\mswsock.dll
0x000007fefcb50000 - 0x000007fefcb57000 	C:\windows\System32\wship6.dll
0x000007feeaa30000 - 0x000007feeaa41000 	C:\Program Files\Android\Android Studio\jre\jre\bin\nio.dll
0x000007fee4d50000 - 0x000007fee4d62000 	C:\Users\JFort\.gradle\native\19\windows-amd64\native-platform.dll
0x000007fefcbe0000 - 0x000007fefcbf8000 	C:\windows\system32\CRYPTSP.dll
0x000007fefc700000 - 0x000007fefc747000 	C:\windows\system32\rsaenh.dll
0x000007fefd390000 - 0x000007fefd3ae000 	C:\windows\system32\USERENV.dll
0x000007fefd000000 - 0x000007fefd00f000 	C:\windows\system32\CRYPTBASE.dll
0x000007fefa710000 - 0x000007fefa737000 	C:\windows\system32\IPHLPAPI.DLL
0x000007fefa700000 - 0x000007fefa70b000 	C:\windows\system32\WINNSI.DLL
0x000007fefa310000 - 0x000007fefa321000 	C:\windows\system32\dhcpcsvc6.DLL
0x000007fefa330000 - 0x000007fefa348000 	C:\windows\system32\dhcpcsvc.DLL
0x000007fef87b0000 - 0x000007fef87bd000 	C:\Program Files\Android\Android Studio\jre\jre\bin\management.dll
0x000007fefd0b0000 - 0x000007fefd107000 	C:\windows\system32\apphelp.dll

VM Arguments:
jvm_args: -Xmx1536m -Dfile.encoding=windows-1252 -Duser.country=US -Duser.language=en -Duser.variant 
java_command: org.gradle.launcher.daemon.bootstrap.GradleDaemon 2.14.1
java_class_path (initial): C:\Program Files\Android\Android Studio\gradle\gradle-2.14.1\lib\gradle-launcher-2.14.1.jar
Launcher Type: SUN_STANDARD

Environment Variables:
PATH=C:\ProgramData\Oracle\Java\javapath;C:\windows\system32;C:\windows;C:\windows\System32\Wbem;C:\windows\System32\WindowsPowerShell\v1.0\;C:\Program Files\Lenovo\Fingerprint Manager Pro\;C:\Program Files\Intel\WiFi\bin\;C:\Program Files\Common Files\Intel\WirelessCommon\;C:\Program Files (x86)\Sennheiser\SoftphoneSDK\;C:\Program Files (x86)\WebEx\Productivity Tools;C:\Program Files (x86)\WebEx\PTools020000000;C:\Program Files\Git\cmd;C:\windows\system32\config\systemprofile\.dnx\bin;C:\Program Files\Microsoft DNX\Dnvm\;C:\Program Files (x86)\Windows Kits\8.1\Windows Performance Toolkit\;C:\Program Files\Microsoft SQL Server\130\Tools\Binn\
USERNAME=JFort
OS=Windows_NT
PROCESSOR_IDENTIFIER=Intel64 Family 6 Model 69 Stepping 1, GenuineIntel



---------------  S Y S T E M  ---------------

OS: Windows 7 , 64 bit Build 7601 (6.1.7601.23572)

CPU:total 4 (2 cores per cpu, 2 threads per core) family 6 model 69 stepping 1, cmov, cx8, fxsr, mmx, sse, sse2, sse3, ssse3, sse4.1, sse4.2, popcnt, avx, avx2, aes, clmul, erms, lzcnt, ht, tsc, tscinvbit, bmi1, bmi2

Memory: 4k page, physical 12261720k(1661388k free), swap 12259860k(9108k free)

vm_info: OpenJDK 64-Bit Server VM (25.76-b03) for windows-amd64 JRE (1.8.0_76-release-b03), built on Jun 29 2016 19:09:20 by "ralucas" with MS VC++ 10.0 (VS2010)

time: Fri Feb 24 11:54:44 2017
elapsed time: 559 seconds (0d 0h 9m 19s)

